{"name": "Register with mandatory fields", "status": "broken", "statusDetails": {"message": "selenium.common.exceptions.NoSuchElementException: Message: no such element: Unable to locate element: {\"method\":\"xpath\",\"selector\":\"//span[text()='Account & Lists']/span[@class='nav-icon nav-arrow']\"}\n  (Session info: chrome=115.0.5790.111); For documentation on this error, please visit: https://www.selenium.dev/documentation/webdriver/troubleshooting/errors#no-such-element-exception\nStacktrace:\nBacktrace:\n\tGetHandleVerifier [0x0106A813+48355]\n\t(No symbol) [0x00FFC4B1]\n\t(No symbol) [0x00F05358]\n\t(No symbol) [0x00F309A5]\n\t(No symbol) [0x00F30B3B]\n\t(No symbol) [0x00F5E232]\n\t(No symbol) [0x00F4A784]\n\t(No symbol) [0x00F5C922]\n\t(No symbol) [0x00F4A536]\n\t(No symbol) [0x00F282DC]\n\t(No symbol) [0x00F293DD]\n\tGetHandleVerifier [0x012CAABD+2539405]\n\tGetHandleVerifier [0x0130A78F+2800735]\n\tGetHandleVerifier [0x0130456C+2775612]\n\tGetHandleVerifier [0x010F51E0+616112]\n\t(No symbol) [0x01005F8C]\n\t(No symbol) [0x01002328]\n\t(No symbol) [0x0100240B]\n\t(No symbol) [0x00FF4FF7]\n\tBaseThreadInitThunk [0x757100C9+25]\n\tRtlGetAppContainerNamedObjectPath [0x77077B1E+286]\n\tRtlGetAppContainerNamedObjectPath [0x77077AEE+238]\n\n", "trace": "  File \"D:\\Documents\\pythonProject\\POC-\\Lib\\site-packages\\behave\\model.py\", line 1329, in run\n    match.run(runner.context)\n  File \"D:\\Documents\\pythonProject\\POC-\\Lib\\site-packages\\behave\\matchers.py\", line 98, in run\n    self.func(context, *args, **kwargs)\n  File \"features\\steps\\register.py\", line 26, in step_impl\n    assert context.register_page.verifying_accountCreation(\"Sign Out\")\n           ^^^^^^^^^^^^^^^^^^^^^^^^^^^^^^^^^^^^^^^^^^^^^^^^^^^^^^^^^^^\n  File \"C:\\Users\\lmallikarjuna\\PycharmProjects\\pythonProject\\POC-\\features\\pages\\register_page.py\", line 37, in verifying_accountCreation\n    self.Action_chain(\"verifying_accountCreation_xpath\", self.verifying_accountCreation_xpath)\n  File \"C:\\Users\\lmallikarjuna\\PycharmProjects\\pythonProject\\POC-\\features\\pages\\BasePage.py\", line 23, in Action_chain\n    element = self.get_element(locator_type, locator_value)\n              ^^^^^^^^^^^^^^^^^^^^^^^^^^^^^^^^^^^^^^^^^^^^^\n  File \"C:\\Users\\lmallikarjuna\\PycharmProjects\\pythonProject\\POC-\\features\\pages\\BasePage.py\", line 42, in get_element\n    element = self.driver.find_element(By.XPATH, locator_value)\n              ^^^^^^^^^^^^^^^^^^^^^^^^^^^^^^^^^^^^^^^^^^^^^^^^^\n  File \"D:\\Documents\\pythonProject\\POC-\\Lib\\site-packages\\selenium\\webdriver\\remote\\webdriver.py\", line 740, in find_element\n    return self.execute(Command.FIND_ELEMENT, {\"using\": by, \"value\": value})[\"value\"]\n           ^^^^^^^^^^^^^^^^^^^^^^^^^^^^^^^^^^^^^^^^^^^^^^^^^^^^^^^^^^^^^^^^^\n  File \"D:\\Documents\\pythonProject\\POC-\\Lib\\site-packages\\selenium\\webdriver\\remote\\webdriver.py\", line 346, in execute\n    self.error_handler.check_response(response)\n  File \"D:\\Documents\\pythonProject\\POC-\\Lib\\site-packages\\selenium\\webdriver\\remote\\errorhandler.py\", line 245, in check_response\n    raise exception_class(message, screen, stacktrace)\n"}, "steps": [{"name": "Given I navigate to Register Page", "status": "passed", "start": 1691406806106, "stop": 1691406812027}, {"name": "When I enter below details into mandatory fields", "status": "passed", "attachments": [{"name": ".table", "source": "80a8c648-3406-49e4-bf92-863d99cd963a-attachment.csv", "type": "text/csv"}], "start": 1691406812027, "stop": 1691406813176}, {"name": "And I click on Continue button", "status": "passed", "start": 1691406813176, "stop": 1691406817994}, {"name": "Then Account should get created", "status": "broken", "statusDetails": {"message": "selenium.common.exceptions.NoSuchElementException: Message: no such element: Unable to locate element: {\"method\":\"xpath\",\"selector\":\"//span[text()='Account & Lists']/span[@class='nav-icon nav-arrow']\"}\n  (Session info: chrome=115.0.5790.111); For documentation on this error, please visit: https://www.selenium.dev/documentation/webdriver/troubleshooting/errors#no-such-element-exception\nStacktrace:\nBacktrace:\n\tGetHandleVerifier [0x0106A813+48355]\n\t(No symbol) [0x00FFC4B1]\n\t(No symbol) [0x00F05358]\n\t(No symbol) [0x00F309A5]\n\t(No symbol) [0x00F30B3B]\n\t(No symbol) [0x00F5E232]\n\t(No symbol) [0x00F4A784]\n\t(No symbol) [0x00F5C922]\n\t(No symbol) [0x00F4A536]\n\t(No symbol) [0x00F282DC]\n\t(No symbol) [0x00F293DD]\n\tGetHandleVerifier [0x012CAABD+2539405]\n\tGetHandleVerifier [0x0130A78F+2800735]\n\tGetHandleVerifier [0x0130456C+2775612]\n\tGetHandleVerifier [0x010F51E0+616112]\n\t(No symbol) [0x01005F8C]\n\t(No symbol) [0x01002328]\n\t(No symbol) [0x0100240B]\n\t(No symbol) [0x00FF4FF7]\n\tBaseThreadInitThunk [0x757100C9+25]\n\tRtlGetAppContainerNamedObjectPath [0x77077B1E+286]\n\tRtlGetAppContainerNamedObjectPath [0x77077AEE+238]\n\n", "trace": "  File \"D:\\Documents\\pythonProject\\POC-\\Lib\\site-packages\\behave\\model.py\", line 1329, in run\n    match.run(runner.context)\n  File \"D:\\Documents\\pythonProject\\POC-\\Lib\\site-packages\\behave\\matchers.py\", line 98, in run\n    self.func(context, *args, **kwargs)\n  File \"features\\steps\\register.py\", line 26, in step_impl\n    assert context.register_page.verifying_accountCreation(\"Sign Out\")\n           ^^^^^^^^^^^^^^^^^^^^^^^^^^^^^^^^^^^^^^^^^^^^^^^^^^^^^^^^^^^\n  File \"C:\\Users\\lmallikarjuna\\PycharmProjects\\pythonProject\\POC-\\features\\pages\\register_page.py\", line 37, in verifying_accountCreation\n    self.Action_chain(\"verifying_accountCreation_xpath\", self.verifying_accountCreation_xpath)\n  File \"C:\\Users\\lmallikarjuna\\PycharmProjects\\pythonProject\\POC-\\features\\pages\\BasePage.py\", line 23, in Action_chain\n    element = self.get_element(locator_type, locator_value)\n              ^^^^^^^^^^^^^^^^^^^^^^^^^^^^^^^^^^^^^^^^^^^^^\n  File \"C:\\Users\\lmallikarjuna\\PycharmProjects\\pythonProject\\POC-\\features\\pages\\BasePage.py\", line 42, in get_element\n    element = self.driver.find_element(By.XPATH, locator_value)\n              ^^^^^^^^^^^^^^^^^^^^^^^^^^^^^^^^^^^^^^^^^^^^^^^^^\n  File \"D:\\Documents\\pythonProject\\POC-\\Lib\\site-packages\\selenium\\webdriver\\remote\\webdriver.py\", line 740, in find_element\n    return self.execute(Command.FIND_ELEMENT, {\"using\": by, \"value\": value})[\"value\"]\n           ^^^^^^^^^^^^^^^^^^^^^^^^^^^^^^^^^^^^^^^^^^^^^^^^^^^^^^^^^^^^^^^^^\n  File \"D:\\Documents\\pythonProject\\POC-\\Lib\\site-packages\\selenium\\webdriver\\remote\\webdriver.py\", line 346, in execute\n    self.error_handler.check_response(response)\n  File \"D:\\Documents\\pythonProject\\POC-\\Lib\\site-packages\\selenium\\webdriver\\remote\\errorhandler.py\", line 245, in check_response\n    raise exception_class(message, screen, stacktrace)\n"}, "attachments": [{"name": "screenshot", "source": "cdcc5c30-597d-41fa-8218-b343fe6e745d-attachment.png", "type": "image/png"}], "start": 1691406817994, "stop": 1691406818218}], "start": 1691406780356, "stop": 1691406822028, "uuid": "3c9c0a26-3667-4906-adc0-cca9047db829", "historyId": "3e1821681d920f3f300abd92284d0a53", "fullName": "Register Account functionality: Register with mandatory fields", "labels": [{"name": "severity", "value": "normal"}, {"name": "tag", "value": "register1"}, {"name": "feature", "value": "Register Account functionality"}, {"name": "framework", "value": "behave"}, {"name": "language", "value": "cpython3"}]}