{"name": "Login with valid phone number and password -- @1.3 ", "status": "broken", "statusDetails": {"message": "selenium.common.exceptions.NoSuchElementException: Message: no such element: Unable to locate element: {\"method\":\"xpath\",\"selector\":\"//span[text()='Account & Lists']/span[@class='nav-icon nav-arrow']\"}\n  (Session info: chrome=115.0.5790.111); For documentation on this error, please visit: https://www.selenium.dev/documentation/webdriver/troubleshooting/errors#no-such-element-exception\nStacktrace:\nBacktrace:\n\tGetHandleVerifier [0x0106A813+48355]\n\t(No symbol) [0x00FFC4B1]\n\t(No symbol) [0x00F05358]\n\t(No symbol) [0x00F309A5]\n\t(No symbol) [0x00F30B3B]\n\t(No symbol) [0x00F5E232]\n\t(No symbol) [0x00F4A784]\n\t(No symbol) [0x00F5C922]\n\t(No symbol) [0x00F4A536]\n\t(No symbol) [0x00F282DC]\n\t(No symbol) [0x00F293DD]\n\tGetHandleVerifier [0x012CAABD+2539405]\n\tGetHandleVerifier [0x0130A78F+2800735]\n\tGetHandleVerifier [0x0130456C+2775612]\n\tGetHandleVerifier [0x010F51E0+616112]\n\t(No symbol) [0x01005F8C]\n\t(No symbol) [0x01002328]\n\t(No symbol) [0x0100240B]\n\t(No symbol) [0x00FF4FF7]\n\tBaseThreadInitThunk [0x757100C9+25]\n\tRtlGetAppContainerNamedObjectPath [0x77077B1E+286]\n\tRtlGetAppContainerNamedObjectPath [0x77077AEE+238]\n\n", "trace": "  File \"D:\\Documents\\pythonProject\\POC-\\Lib\\site-packages\\behave\\model.py\", line 1329, in run\n    match.run(runner.context)\n  File \"D:\\Documents\\pythonProject\\POC-\\Lib\\site-packages\\behave\\matchers.py\", line 98, in run\n    self.func(context, *args, **kwargs)\n  File \"features\\steps\\login.py\", line 25, in step_impl\n    context.verify_login.verifying_login()\n  File \"C:\\Users\\lmallikarjuna\\PycharmProjects\\pythonProject\\POC-\\features\\pages\\main_page.py\", line 16, in verifying_login\n    self.Action_chain(\"account_xpath\", self.account_xpath)\n  File \"C:\\Users\\lmallikarjuna\\PycharmProjects\\pythonProject\\POC-\\features\\pages\\BasePage.py\", line 23, in Action_chain\n    element = self.get_element(locator_type, locator_value)\n              ^^^^^^^^^^^^^^^^^^^^^^^^^^^^^^^^^^^^^^^^^^^^^\n  File \"C:\\Users\\lmallikarjuna\\PycharmProjects\\pythonProject\\POC-\\features\\pages\\BasePage.py\", line 42, in get_element\n    element = self.driver.find_element(By.XPATH, locator_value)\n              ^^^^^^^^^^^^^^^^^^^^^^^^^^^^^^^^^^^^^^^^^^^^^^^^^\n  File \"D:\\Documents\\pythonProject\\POC-\\Lib\\site-packages\\selenium\\webdriver\\remote\\webdriver.py\", line 740, in find_element\n    return self.execute(Command.FIND_ELEMENT, {\"using\": by, \"value\": value})[\"value\"]\n           ^^^^^^^^^^^^^^^^^^^^^^^^^^^^^^^^^^^^^^^^^^^^^^^^^^^^^^^^^^^^^^^^^\n  File \"D:\\Documents\\pythonProject\\POC-\\Lib\\site-packages\\selenium\\webdriver\\remote\\webdriver.py\", line 346, in execute\n    self.error_handler.check_response(response)\n  File \"D:\\Documents\\pythonProject\\POC-\\Lib\\site-packages\\selenium\\webdriver\\remote\\errorhandler.py\", line 245, in check_response\n    raise exception_class(message, screen, stacktrace)\n"}, "steps": [{"name": "Given I navigated to Login page", "status": "passed", "start": 1691401984019, "stop": 1691401987746}, {"name": "When I enter valid phone number as \"8019713239\" and valid password as \"Harish@AMAZON\" into the fields", "status": "passed", "start": 1691401987747, "stop": 1691401989279}, {"name": "And I click on Login button", "status": "passed", "start": 1691401989279, "stop": 1691401989401}, {"name": "Then I should get logged in", "status": "broken", "statusDetails": {"message": "selenium.common.exceptions.NoSuchElementException: Message: no such element: Unable to locate element: {\"method\":\"xpath\",\"selector\":\"//span[text()='Account & Lists']/span[@class='nav-icon nav-arrow']\"}\n  (Session info: chrome=115.0.5790.111); For documentation on this error, please visit: https://www.selenium.dev/documentation/webdriver/troubleshooting/errors#no-such-element-exception\nStacktrace:\nBacktrace:\n\tGetHandleVerifier [0x0106A813+48355]\n\t(No symbol) [0x00FFC4B1]\n\t(No symbol) [0x00F05358]\n\t(No symbol) [0x00F309A5]\n\t(No symbol) [0x00F30B3B]\n\t(No symbol) [0x00F5E232]\n\t(No symbol) [0x00F4A784]\n\t(No symbol) [0x00F5C922]\n\t(No symbol) [0x00F4A536]\n\t(No symbol) [0x00F282DC]\n\t(No symbol) [0x00F293DD]\n\tGetHandleVerifier [0x012CAABD+2539405]\n\tGetHandleVerifier [0x0130A78F+2800735]\n\tGetHandleVerifier [0x0130456C+2775612]\n\tGetHandleVerifier [0x010F51E0+616112]\n\t(No symbol) [0x01005F8C]\n\t(No symbol) [0x01002328]\n\t(No symbol) [0x0100240B]\n\t(No symbol) [0x00FF4FF7]\n\tBaseThreadInitThunk [0x757100C9+25]\n\tRtlGetAppContainerNamedObjectPath [0x77077B1E+286]\n\tRtlGetAppContainerNamedObjectPath [0x77077AEE+238]\n\n", "trace": "  File \"D:\\Documents\\pythonProject\\POC-\\Lib\\site-packages\\behave\\model.py\", line 1329, in run\n    match.run(runner.context)\n  File \"D:\\Documents\\pythonProject\\POC-\\Lib\\site-packages\\behave\\matchers.py\", line 98, in run\n    self.func(context, *args, **kwargs)\n  File \"features\\steps\\login.py\", line 25, in step_impl\n    context.verify_login.verifying_login()\n  File \"C:\\Users\\lmallikarjuna\\PycharmProjects\\pythonProject\\POC-\\features\\pages\\main_page.py\", line 16, in verifying_login\n    self.Action_chain(\"account_xpath\", self.account_xpath)\n  File \"C:\\Users\\lmallikarjuna\\PycharmProjects\\pythonProject\\POC-\\features\\pages\\BasePage.py\", line 23, in Action_chain\n    element = self.get_element(locator_type, locator_value)\n              ^^^^^^^^^^^^^^^^^^^^^^^^^^^^^^^^^^^^^^^^^^^^^\n  File \"C:\\Users\\lmallikarjuna\\PycharmProjects\\pythonProject\\POC-\\features\\pages\\BasePage.py\", line 42, in get_element\n    element = self.driver.find_element(By.XPATH, locator_value)\n              ^^^^^^^^^^^^^^^^^^^^^^^^^^^^^^^^^^^^^^^^^^^^^^^^^\n  File \"D:\\Documents\\pythonProject\\POC-\\Lib\\site-packages\\selenium\\webdriver\\remote\\webdriver.py\", line 740, in find_element\n    return self.execute(Command.FIND_ELEMENT, {\"using\": by, \"value\": value})[\"value\"]\n           ^^^^^^^^^^^^^^^^^^^^^^^^^^^^^^^^^^^^^^^^^^^^^^^^^^^^^^^^^^^^^^^^^\n  File \"D:\\Documents\\pythonProject\\POC-\\Lib\\site-packages\\selenium\\webdriver\\remote\\webdriver.py\", line 346, in execute\n    self.error_handler.check_response(response)\n  File \"D:\\Documents\\pythonProject\\POC-\\Lib\\site-packages\\selenium\\webdriver\\remote\\errorhandler.py\", line 245, in check_response\n    raise exception_class(message, screen, stacktrace)\n"}, "start": 1691401989401, "stop": 1691401990893}], "parameters": [{"name": "number", "value": "8019713239"}, {"name": "password", "value": "Harish@AMAZON"}], "start": 1691401942003, "stop": 1691401993833, "uuid": "c4873b02-db27-4066-8e23-399d656f7ae6", "historyId": "c49601aedac550bb022d83adec6967e8", "fullName": "Login Functionality: Login with valid phone number and password", "labels": [{"name": "severity", "value": "normal"}, {"name": "tag", "value": "login1"}, {"name": "feature", "value": "Login Functionality"}, {"name": "framework", "value": "behave"}, {"name": "language", "value": "cpython3"}]}