{"name": "Register with mandatory fields", "status": "broken", "statusDetails": {"message": "selenium.common.exceptions.NoSuchElementException: Message: no such element: Unable to locate element: {\"method\":\"xpath\",\"selector\":\"//a[@data-csa-c-content-id='nav_ya_signin']\"}\n  (Session info: chrome=115.0.5790.111); For documentation on this error, please visit: https://www.selenium.dev/documentation/webdriver/troubleshooting/errors#no-such-element-exception\nStacktrace:\nBacktrace:\n\tGetHandleVerifier [0x0106A813+48355]\n\t(No symbol) [0x00FFC4B1]\n\t(No symbol) [0x00F05358]\n\t(No symbol) [0x00F309A5]\n\t(No symbol) [0x00F30B3B]\n\t(No symbol) [0x00F5E232]\n\t(No symbol) [0x00F4A784]\n\t(No symbol) [0x00F5C922]\n\t(No symbol) [0x00F4A536]\n\t(No symbol) [0x00F282DC]\n\t(No symbol) [0x00F293DD]\n\tGetHandleVerifier [0x012CAABD+2539405]\n\tGetHandleVerifier [0x0130A78F+2800735]\n\tGetHandleVerifier [0x0130456C+2775612]\n\tGetHandleVerifier [0x010F51E0+616112]\n\t(No symbol) [0x01005F8C]\n\t(No symbol) [0x01002328]\n\t(No symbol) [0x0100240B]\n\t(No symbol) [0x00FF4FF7]\n\tBaseThreadInitThunk [0x757100C9+25]\n\tRtlGetAppContainerNamedObjectPath [0x77077B1E+286]\n\tRtlGetAppContainerNamedObjectPath [0x77077AEE+238]\n\n", "trace": "  File \"D:\\Documents\\pythonProject\\POC-\\Lib\\site-packages\\behave\\model.py\", line 1329, in run\n    match.run(runner.context)\n  File \"D:\\Documents\\pythonProject\\POC-\\Lib\\site-packages\\behave\\matchers.py\", line 98, in run\n    self.func(context, *args, **kwargs)\n  File \"features\\steps\\register.py\", line 9, in step_impl\n    context.register_page.open_create_account()\n  File \"C:\\Users\\lmallikarjuna\\PycharmProjects\\pythonProject\\POC-\\features\\pages\\register_page.py\", line 22, in open_create_account\n    self.click_on_element(\"create_account_xpath\", self.create_account_xpath)\n  File \"C:\\Users\\lmallikarjuna\\PycharmProjects\\pythonProject\\POC-\\features\\pages\\BasePage.py\", line 28, in click_on_element\n    element = self.get_element(locator_type, locator_value)\n              ^^^^^^^^^^^^^^^^^^^^^^^^^^^^^^^^^^^^^^^^^^^^^\n  File \"C:\\Users\\lmallikarjuna\\PycharmProjects\\pythonProject\\POC-\\features\\pages\\BasePage.py\", line 42, in get_element\n    element = self.driver.find_element(By.XPATH, locator_value)\n              ^^^^^^^^^^^^^^^^^^^^^^^^^^^^^^^^^^^^^^^^^^^^^^^^^\n  File \"D:\\Documents\\pythonProject\\POC-\\Lib\\site-packages\\selenium\\webdriver\\remote\\webdriver.py\", line 740, in find_element\n    return self.execute(Command.FIND_ELEMENT, {\"using\": by, \"value\": value})[\"value\"]\n           ^^^^^^^^^^^^^^^^^^^^^^^^^^^^^^^^^^^^^^^^^^^^^^^^^^^^^^^^^^^^^^^^^\n  File \"D:\\Documents\\pythonProject\\POC-\\Lib\\site-packages\\selenium\\webdriver\\remote\\webdriver.py\", line 346, in execute\n    self.error_handler.check_response(response)\n  File \"D:\\Documents\\pythonProject\\POC-\\Lib\\site-packages\\selenium\\webdriver\\remote\\errorhandler.py\", line 245, in check_response\n    raise exception_class(message, screen, stacktrace)\n"}, "steps": [{"name": "Given I navigate to Register Page", "status": "broken", "statusDetails": {"message": "selenium.common.exceptions.NoSuchElementException: Message: no such element: Unable to locate element: {\"method\":\"xpath\",\"selector\":\"//a[@data-csa-c-content-id='nav_ya_signin']\"}\n  (Session info: chrome=115.0.5790.111); For documentation on this error, please visit: https://www.selenium.dev/documentation/webdriver/troubleshooting/errors#no-such-element-exception\nStacktrace:\nBacktrace:\n\tGetHandleVerifier [0x0106A813+48355]\n\t(No symbol) [0x00FFC4B1]\n\t(No symbol) [0x00F05358]\n\t(No symbol) [0x00F309A5]\n\t(No symbol) [0x00F30B3B]\n\t(No symbol) [0x00F5E232]\n\t(No symbol) [0x00F4A784]\n\t(No symbol) [0x00F5C922]\n\t(No symbol) [0x00F4A536]\n\t(No symbol) [0x00F282DC]\n\t(No symbol) [0x00F293DD]\n\tGetHandleVerifier [0x012CAABD+2539405]\n\tGetHandleVerifier [0x0130A78F+2800735]\n\tGetHandleVerifier [0x0130456C+2775612]\n\tGetHandleVerifier [0x010F51E0+616112]\n\t(No symbol) [0x01005F8C]\n\t(No symbol) [0x01002328]\n\t(No symbol) [0x0100240B]\n\t(No symbol) [0x00FF4FF7]\n\tBaseThreadInitThunk [0x757100C9+25]\n\tRtlGetAppContainerNamedObjectPath [0x77077B1E+286]\n\tRtlGetAppContainerNamedObjectPath [0x77077AEE+238]\n\n", "trace": "  File \"D:\\Documents\\pythonProject\\POC-\\Lib\\site-packages\\behave\\model.py\", line 1329, in run\n    match.run(runner.context)\n  File \"D:\\Documents\\pythonProject\\POC-\\Lib\\site-packages\\behave\\matchers.py\", line 98, in run\n    self.func(context, *args, **kwargs)\n  File \"features\\steps\\register.py\", line 9, in step_impl\n    context.register_page.open_create_account()\n  File \"C:\\Users\\lmallikarjuna\\PycharmProjects\\pythonProject\\POC-\\features\\pages\\register_page.py\", line 22, in open_create_account\n    self.click_on_element(\"create_account_xpath\", self.create_account_xpath)\n  File \"C:\\Users\\lmallikarjuna\\PycharmProjects\\pythonProject\\POC-\\features\\pages\\BasePage.py\", line 28, in click_on_element\n    element = self.get_element(locator_type, locator_value)\n              ^^^^^^^^^^^^^^^^^^^^^^^^^^^^^^^^^^^^^^^^^^^^^\n  File \"C:\\Users\\lmallikarjuna\\PycharmProjects\\pythonProject\\POC-\\features\\pages\\BasePage.py\", line 42, in get_element\n    element = self.driver.find_element(By.XPATH, locator_value)\n              ^^^^^^^^^^^^^^^^^^^^^^^^^^^^^^^^^^^^^^^^^^^^^^^^^\n  File \"D:\\Documents\\pythonProject\\POC-\\Lib\\site-packages\\selenium\\webdriver\\remote\\webdriver.py\", line 740, in find_element\n    return self.execute(Command.FIND_ELEMENT, {\"using\": by, \"value\": value})[\"value\"]\n           ^^^^^^^^^^^^^^^^^^^^^^^^^^^^^^^^^^^^^^^^^^^^^^^^^^^^^^^^^^^^^^^^^\n  File \"D:\\Documents\\pythonProject\\POC-\\Lib\\site-packages\\selenium\\webdriver\\remote\\webdriver.py\", line 346, in execute\n    self.error_handler.check_response(response)\n  File \"D:\\Documents\\pythonProject\\POC-\\Lib\\site-packages\\selenium\\webdriver\\remote\\errorhandler.py\", line 245, in check_response\n    raise exception_class(message, screen, stacktrace)\n"}, "attachments": [{"name": "screenshot", "source": "6e647fee-6088-438c-bac4-1058c7762b15-attachment.png", "type": "image/png"}], "start": 1691404878079, "stop": 1691404878344}, {"name": "When I enter below details into mandatory fields", "status": "skipped", "attachments": [{"name": ".table", "source": "b1402d91-92aa-4808-915c-393d2646e879-attachment.csv", "type": "text/csv"}], "start": 1691404882371, "stop": 1691404882378}, {"name": "And I click on Continue button", "status": "skipped", "start": 1691404882378, "stop": 1691404882378}, {"name": "Then Account should get created", "status": "skipped", "start": 1691404882378, "stop": 1691404882379}], "start": 1691404873937, "stop": 1691404882379, "uuid": "8dbb1790-4660-402b-9d3f-4cf506cb5fa4", "historyId": "3e1821681d920f3f300abd92284d0a53", "fullName": "Register Account functionality: Register with mandatory fields", "labels": [{"name": "severity", "value": "normal"}, {"name": "tag", "value": "register1"}, {"name": "feature", "value": "Register Account functionality"}, {"name": "framework", "value": "behave"}, {"name": "language", "value": "cpython3"}]}