{"name": "Search for a valid product", "status": "broken", "statusDetails": {"message": "selenium.common.exceptions.NoSuchElementException: Message: no such element: Unable to locate element: {\"method\":\"xpath\",\"selector\":\"//a[.='Apple iPhone 14 Pro Max (256 GB) - Gold']\"}\n  (Session info: chrome=115.0.5790.111); For documentation on this error, please visit: https://www.selenium.dev/documentation/webdriver/troubleshooting/errors#no-such-element-exception\nStacktrace:\nBacktrace:\n\tGetHandleVerifier [0x0106A813+48355]\n\t(No symbol) [0x00FFC4B1]\n\t(No symbol) [0x00F05358]\n\t(No symbol) [0x00F309A5]\n\t(No symbol) [0x00F30B3B]\n\t(No symbol) [0x00F5E232]\n\t(No symbol) [0x00F4A784]\n\t(No symbol) [0x00F5C922]\n\t(No symbol) [0x00F4A536]\n\t(No symbol) [0x00F282DC]\n\t(No symbol) [0x00F293DD]\n\tGetHandleVerifier [0x012CAABD+2539405]\n\tGetHandleVerifier [0x0130A78F+2800735]\n\tGetHandleVerifier [0x0130456C+2775612]\n\tGetHandleVerifier [0x010F51E0+616112]\n\t(No symbol) [0x01005F8C]\n\t(No symbol) [0x01002328]\n\t(No symbol) [0x0100240B]\n\t(No symbol) [0x00FF4FF7]\n\tBaseThreadInitThunk [0x757100C9+25]\n\tRtlGetAppContainerNamedObjectPath [0x77077B1E+286]\n\tRtlGetAppContainerNamedObjectPath [0x77077AEE+238]\n\n", "trace": "  File \"D:\\Documents\\pythonProject\\POC-\\Lib\\site-packages\\behave\\model.py\", line 1329, in run\n    match.run(runner.context)\n  File \"D:\\Documents\\pythonProject\\POC-\\Lib\\site-packages\\behave\\matchers.py\", line 98, in run\n    self.func(context, *args, **kwargs)\n  File \"features\\steps\\search.py\", line 23, in step_impl\n    context.search_page.verify_search(\"Apple iPhone 14 Pro Max (256 GB) - Gold\")\n  File \"C:\\Users\\lmallikarjuna\\PycharmProjects\\pythonProject\\POC-\\features\\pages\\search_page.py\", line 16, in verify_search\n    return self.text_equal(\"search_xpath\", self.search_xpath, a)\n           ^^^^^^^^^^^^^^^^^^^^^^^^^^^^^^^^^^^^^^^^^^^^^^^^^^^^^\n  File \"C:\\Users\\lmallikarjuna\\PycharmProjects\\pythonProject\\POC-\\features\\pages\\BasePage.py\", line 19, in text_equal\n    element = self.get_element(locator_type, locator_value)\n              ^^^^^^^^^^^^^^^^^^^^^^^^^^^^^^^^^^^^^^^^^^^^^\n  File \"C:\\Users\\lmallikarjuna\\PycharmProjects\\pythonProject\\POC-\\features\\pages\\BasePage.py\", line 42, in get_element\n    element = self.driver.find_element(By.XPATH, locator_value)\n              ^^^^^^^^^^^^^^^^^^^^^^^^^^^^^^^^^^^^^^^^^^^^^^^^^\n  File \"D:\\Documents\\pythonProject\\POC-\\Lib\\site-packages\\selenium\\webdriver\\remote\\webdriver.py\", line 740, in find_element\n    return self.execute(Command.FIND_ELEMENT, {\"using\": by, \"value\": value})[\"value\"]\n           ^^^^^^^^^^^^^^^^^^^^^^^^^^^^^^^^^^^^^^^^^^^^^^^^^^^^^^^^^^^^^^^^^\n  File \"D:\\Documents\\pythonProject\\POC-\\Lib\\site-packages\\selenium\\webdriver\\remote\\webdriver.py\", line 346, in execute\n    self.error_handler.check_response(response)\n  File \"D:\\Documents\\pythonProject\\POC-\\Lib\\site-packages\\selenium\\webdriver\\remote\\errorhandler.py\", line 245, in check_response\n    raise exception_class(message, screen, stacktrace)\n"}, "steps": [{"name": "Given I got navigated to Home page", "status": "passed", "start": 1691402328789, "stop": 1691402328832}, {"name": "When I enter valid product say \"Apple iphone 14 pro max 256gb gold\" into the Search box field", "status": "passed", "start": 1691402328833, "stop": 1691402329319}, {"name": "And I click on Search button", "status": "passed", "start": 1691402329319, "stop": 1691402343474}, {"name": "Then Valid product should get displayed in Search results", "status": "broken", "statusDetails": {"message": "selenium.common.exceptions.NoSuchElementException: Message: no such element: Unable to locate element: {\"method\":\"xpath\",\"selector\":\"//a[.='Apple iPhone 14 Pro Max (256 GB) - Gold']\"}\n  (Session info: chrome=115.0.5790.111); For documentation on this error, please visit: https://www.selenium.dev/documentation/webdriver/troubleshooting/errors#no-such-element-exception\nStacktrace:\nBacktrace:\n\tGetHandleVerifier [0x0106A813+48355]\n\t(No symbol) [0x00FFC4B1]\n\t(No symbol) [0x00F05358]\n\t(No symbol) [0x00F309A5]\n\t(No symbol) [0x00F30B3B]\n\t(No symbol) [0x00F5E232]\n\t(No symbol) [0x00F4A784]\n\t(No symbol) [0x00F5C922]\n\t(No symbol) [0x00F4A536]\n\t(No symbol) [0x00F282DC]\n\t(No symbol) [0x00F293DD]\n\tGetHandleVerifier [0x012CAABD+2539405]\n\tGetHandleVerifier [0x0130A78F+2800735]\n\tGetHandleVerifier [0x0130456C+2775612]\n\tGetHandleVerifier [0x010F51E0+616112]\n\t(No symbol) [0x01005F8C]\n\t(No symbol) [0x01002328]\n\t(No symbol) [0x0100240B]\n\t(No symbol) [0x00FF4FF7]\n\tBaseThreadInitThunk [0x757100C9+25]\n\tRtlGetAppContainerNamedObjectPath [0x77077B1E+286]\n\tRtlGetAppContainerNamedObjectPath [0x77077AEE+238]\n\n", "trace": "  File \"D:\\Documents\\pythonProject\\POC-\\Lib\\site-packages\\behave\\model.py\", line 1329, in run\n    match.run(runner.context)\n  File \"D:\\Documents\\pythonProject\\POC-\\Lib\\site-packages\\behave\\matchers.py\", line 98, in run\n    self.func(context, *args, **kwargs)\n  File \"features\\steps\\search.py\", line 23, in step_impl\n    context.search_page.verify_search(\"Apple iPhone 14 Pro Max (256 GB) - Gold\")\n  File \"C:\\Users\\lmallikarjuna\\PycharmProjects\\pythonProject\\POC-\\features\\pages\\search_page.py\", line 16, in verify_search\n    return self.text_equal(\"search_xpath\", self.search_xpath, a)\n           ^^^^^^^^^^^^^^^^^^^^^^^^^^^^^^^^^^^^^^^^^^^^^^^^^^^^^\n  File \"C:\\Users\\lmallikarjuna\\PycharmProjects\\pythonProject\\POC-\\features\\pages\\BasePage.py\", line 19, in text_equal\n    element = self.get_element(locator_type, locator_value)\n              ^^^^^^^^^^^^^^^^^^^^^^^^^^^^^^^^^^^^^^^^^^^^^\n  File \"C:\\Users\\lmallikarjuna\\PycharmProjects\\pythonProject\\POC-\\features\\pages\\BasePage.py\", line 42, in get_element\n    element = self.driver.find_element(By.XPATH, locator_value)\n              ^^^^^^^^^^^^^^^^^^^^^^^^^^^^^^^^^^^^^^^^^^^^^^^^^\n  File \"D:\\Documents\\pythonProject\\POC-\\Lib\\site-packages\\selenium\\webdriver\\remote\\webdriver.py\", line 740, in find_element\n    return self.execute(Command.FIND_ELEMENT, {\"using\": by, \"value\": value})[\"value\"]\n           ^^^^^^^^^^^^^^^^^^^^^^^^^^^^^^^^^^^^^^^^^^^^^^^^^^^^^^^^^^^^^^^^^\n  File \"D:\\Documents\\pythonProject\\POC-\\Lib\\site-packages\\selenium\\webdriver\\remote\\webdriver.py\", line 346, in execute\n    self.error_handler.check_response(response)\n  File \"D:\\Documents\\pythonProject\\POC-\\Lib\\site-packages\\selenium\\webdriver\\remote\\errorhandler.py\", line 245, in check_response\n    raise exception_class(message, screen, stacktrace)\n"}, "start": 1691402343474, "stop": 1691402343528}], "start": 1691402235595, "stop": 1691402346445, "uuid": "420848d1-c7e1-40d1-99fb-8e3cbb01d433", "historyId": "e6545e1bbfc9bca72202492b8ac2eee1", "fullName": "Search functionality: Search for a valid product", "labels": [{"name": "severity", "value": "normal"}, {"name": "tag", "value": "search"}, {"name": "feature", "value": "Search functionality"}, {"name": "framework", "value": "behave"}, {"name": "language", "value": "cpython3"}]}